0 info it worked if it ends with ok
1 verbose cli [ '/usr/local/Cellar/node/6.2.2/bin/node',
1 verbose cli   '/usr/local/bin/npm',
1 verbose cli   'run',
1 verbose cli   'server' ]
2 info using npm@3.10.6
3 info using node@v6.2.2
4 verbose run-script [ 'preserver', 'server', 'postserver' ]
5 info lifecycle lookup-server@0.0.1~preserver: lookup-server@0.0.1
6 silly lifecycle lookup-server@0.0.1~preserver: no script for preserver, continuing
7 info lifecycle lookup-server@0.0.1~server: lookup-server@0.0.1
8 verbose lifecycle lookup-server@0.0.1~server: unsafe-perm in lifecycle true
9 verbose lifecycle lookup-server@0.0.1~server: PATH: /usr/local/lib/node_modules/npm/bin/node-gyp-bin:/Users/dcrews/Documents/fullstack-react-code/webpack/food-lookup/node_modules/.bin:/usr/local/lib/node_modules/npm/bin/node-gyp-bin:/Users/dcrews/Documents/fullstack-react-code/webpack/food-lookup/node_modules/.bin:/usr/local/Cellar/node/6.2.2/bin:/Users/dcrews/.rvm/gems/ruby-2.2.4/bin:/Users/dcrews/.rvm/gems/ruby-2.2.4@global/bin:/Users/dcrews/.rvm/rubies/ruby-2.2.4/bin:/Users/dcrews/.rbenv/shims:/Users/dcrews/.rbenv/bin:/Users/dcrews/.rvm/gems/ruby-2.2.4/bin:/Users/dcrews/.rvm/gems/ruby-2.2.4@global/bin:/Users/dcrews/.rvm/rubies/ruby-2.2.4/bin:/Users/dcrews/.rvm/bin:/usr/local/bin:/usr/bin:/bin:/usr/sbin:/sbin:/usr/local/mysql/bin
10 verbose lifecycle lookup-server@0.0.1~server: CWD: /Users/dcrews/Documents/fullstack-react-code/webpack/food-lookup
11 silly lifecycle lookup-server@0.0.1~server: Args: [ '-c',
11 silly lifecycle   'API_PORT=3001 ./node_modules/.bin/babel-node server.js' ]
12 silly lifecycle lookup-server@0.0.1~server: Returned: code: 7  signal: null
13 info lifecycle lookup-server@0.0.1~server: Failed to exec server script
14 verbose stack Error: lookup-server@0.0.1 server: `API_PORT=3001 ./node_modules/.bin/babel-node server.js`
14 verbose stack Exit status 7
14 verbose stack     at EventEmitter.<anonymous> (/usr/local/lib/node_modules/npm/lib/utils/lifecycle.js:255:16)
14 verbose stack     at emitTwo (events.js:106:13)
14 verbose stack     at EventEmitter.emit (events.js:191:7)
14 verbose stack     at ChildProcess.<anonymous> (/usr/local/lib/node_modules/npm/lib/utils/spawn.js:40:14)
14 verbose stack     at emitTwo (events.js:106:13)
14 verbose stack     at ChildProcess.emit (events.js:191:7)
14 verbose stack     at maybeClose (internal/child_process.js:852:16)
14 verbose stack     at Process.ChildProcess._handle.onexit (internal/child_process.js:215:5)
15 verbose pkgid lookup-server@0.0.1
16 verbose cwd /Users/dcrews/Documents/fullstack-react-code/webpack/food-lookup
17 error Darwin 14.5.0
18 error argv "/usr/local/Cellar/node/6.2.2/bin/node" "/usr/local/bin/npm" "run" "server"
19 error node v6.2.2
20 error npm  v3.10.6
21 error code ELIFECYCLE
22 error lookup-server@0.0.1 server: `API_PORT=3001 ./node_modules/.bin/babel-node server.js`
22 error Exit status 7
23 error Failed at the lookup-server@0.0.1 server script 'API_PORT=3001 ./node_modules/.bin/babel-node server.js'.
23 error Make sure you have the latest version of node.js and npm installed.
23 error If you do, this is most likely a problem with the lookup-server package,
23 error not with npm itself.
23 error Tell the author that this fails on your system:
23 error     API_PORT=3001 ./node_modules/.bin/babel-node server.js
23 error You can get information on how to open an issue for this project with:
23 error     npm bugs lookup-server
23 error Or if that isn't available, you can get their info via:
23 error     npm owner ls lookup-server
23 error There is likely additional logging output above.
24 verbose exit [ 1, true ]
